Using pre-set license
Desktop is 1920 x 1080 @ 60 Hz

 COMMAND LINE ARGUMENTS:
Unity
-adb2
-batchMode
-noUpm
-name
AssetImportWorker0
-projectPath
/home/b1/synthData/HumanPoseLabeling/HumanPoseLabeling
-logFile
Logs/AssetImportWorker0.log
-srvPort
43237
Successfully changed project path to: /home/b1/synthData/HumanPoseLabeling/HumanPoseLabeling
/home/b1/synthData/HumanPoseLabeling/HumanPoseLabeling
Using Asset Import Pipeline V2.
Refreshing native plugins compatible for Editor in 105,01 ms, found 3 plugins.
Preloading 0 native plugins for Editor in 0,00 ms.
Initialize engine version: 2020.3.16f1 (049d6eca3c44)
[Subsystems] Discovering subsystems at path /home/b1/Unity/Hub/Editor/2020.3.16f1/Editor/Data/Resources/UnitySubsystems
[Subsystems] Discovering subsystems at path /home/b1/synthData/HumanPoseLabeling/HumanPoseLabeling/Assets
GLX Extensions: GLX_ARB_create_context GLX_ARB_create_context_no_error GLX_ARB_create_context_profile GLX_ARB_create_context_robustness GLX_ARB_fbconfig_float GLX_ARB_framebuffer_sRGB GLX_ARB_get_proc_address GLX_ARB_multisample GLX_EXT_buffer_age GLX_EXT_create_context_es2_profile GLX_EXT_create_context_es_profile GLX_EXT_fbconfig_packed_float GLX_EXT_framebuffer_sRGB GLX_EXT_import_context GLX_EXT_swap_control GLX_EXT_swap_control_tear GLX_EXT_texture_from_pixmap GLX_EXT_visual_info GLX_EXT_visual_rating GLX_INTEL_swap_event GLX_MESA_copy_sub_buffer GLX_MESA_query_renderer GLX_MESA_swap_control GLX_OML_swap_method GLX_OML_sync_control GLX_SGIS_multisample GLX_SGIX_fbconfig GLX_SGIX_pbuffer GLX_SGIX_visual_select_group GLX_SGI_make_current_read GLX_SGI_swap_control GLX_SGI_video_sync 
Renderer: Mesa DRI Intel(R) HD Graphics 4000 (IVB GT2)
Vendor:   Intel Open Source Technology Center
Version:  4.2 (Core Profile) Mesa 21.0.3
GLES:     0
 GL_3DFX_texture_compression_FXT1 GL_AMD_conservative_depth GL_AMD_draw_buffers_blend GL_AMD_multi_draw_indirect GL_AMD_seamless_cubemap_per_texture GL_AMD_shader_trinary_minmax GL_AMD_texture_texture4 GL_AMD_vertex_shader_layer GL_AMD_vertex_shader_viewport_index GL_ANGLE_texture_compression_dxt3 GL_ANGLE_texture_compression_dxt5 GL_APPLE_object_purgeable GL_ARB_ES2_compatibility GL_ARB_ES3_compatibility GL_ARB_arrays_of_arrays GL_ARB_base_instance GL_ARB_blend_func_extended GL_ARB_buffer_storage GL_ARB_clear_buffer_object GL_ARB_clear_texture GL_ARB_clip_control GL_ARB_compressed_texture_pixel_storage GL_ARB_compute_shader GL_ARB_compute_variable_group_size GL_ARB_conditional_render_inverted GL_ARB_conservative_depth GL_ARB_copy_buffer GL_ARB_copy_image GL_ARB_cull_distance GL_ARB_debug_output GL_ARB_depth_buffer_float GL_ARB_depth_clamp GL_ARB_derivative_control GL_ARB_direct_state_access GL_ARB_draw_buffers GL_ARB_draw_buffers_blend GL_ARB_draw_elements_base_vertex GL_ARB_draw_indirect GL_ARB_draw_instan
ced GL_ARB_enhanced_layouts GL_ARB_explicit_attrib_location GL_ARB_explicit_uniform_location GL_ARB_fragment_coord_conventions GL_ARB_fragment_layer_viewport GL_ARB_fragment_shader GL_ARB_framebuffer_no_attachments GL_ARB_framebuffer_object GL_ARB_framebuffer_sRGB GL_ARB_get_program_binary GL_ARB_get_texture_sub_image GL_ARB_gl_spirv GL_ARB_gpu_shader5 GL_ARB_gpu_shader_fp64 GL_ARB_half_float_pixel GL_ARB_half_float_vertex GL_ARB_indirect_parameters GL_ARB_instanced_arrays GL_ARB_internalformat_query GL_ARB_internalformat_query2 GL_ARB_invalidate_subdata GL_ARB_map_buffer_alignment GL_ARB_map_buffer_range GL_ARB_multi_bind GL_ARB_multi_draw_indirect GL_ARB_occlusion_query2 GL_ARB_parallel_shader_compile GL_ARB_pipeline_statistics_query GL_ARB_pixel_buffer_object GL_ARB_point_sprite GL_ARB_polygon_offset_clamp GL_ARB_program_interface_query GL_ARB_provoking_vertex GL_ARB_robustness GL_ARB_sample_shading GL_ARB_sampler_objects GL_ARB_seamless_cube_map GL_ARB_seamless_cubemap_per_texture GL_ARB_separate_shader_
objects GL_ARB_shader_atomic_counter_ops GL_ARB_shader_atomic_counters GL_ARB_shader_bit_encoding GL_ARB_shader_clock GL_ARB_shader_draw_parameters GL_ARB_shader_group_vote GL_ARB_shader_image_load_store GL_ARB_shader_image_size GL_ARB_shader_objects GL_ARB_shader_precision GL_ARB_shader_storage_buffer_object GL_ARB_shader_subroutine GL_ARB_shader_texture_image_samples GL_ARB_shader_texture_lod GL_ARB_shader_viewport_layer_array GL_ARB_shading_language_420pack GL_ARB_shading_language_include GL_ARB_shading_language_packing GL_ARB_spirv_extensions GL_ARB_sync GL_ARB_tessellation_shader GL_ARB_texture_barrier GL_ARB_texture_buffer_object GL_ARB_texture_buffer_object_rgb32 GL_ARB_texture_buffer_range GL_ARB_texture_compression_bptc GL_ARB_texture_compression_rgtc GL_ARB_texture_cube_map_array GL_ARB_texture_filter_anisotropic GL_ARB_texture_float GL_ARB_texture_gather GL_ARB_texture_mirror_clamp_to_edge GL_ARB_texture_multisample GL_ARB_texture_non_power_of_two GL_ARB_texture_query_levels GL_ARB_texture_query_l
od GL_ARB_texture_rectangle GL_ARB_texture_rg GL_ARB_texture_rgb10_a2ui GL_ARB_texture_storage GL_ARB_texture_storage_multisample GL_ARB_texture_swizzle GL_ARB_texture_view GL_ARB_timer_query GL_ARB_transform_feedback2 GL_ARB_transform_feedback3 GL_ARB_transform_feedback_instanced GL_ARB_transform_feedback_overflow_query GL_ARB_uniform_buffer_object GL_ARB_vertex_array_bgra GL_ARB_vertex_array_object GL_ARB_vertex_attrib_64bit GL_ARB_vertex_attrib_binding GL_ARB_vertex_buffer_object GL_ARB_vertex_shader GL_ARB_vertex_type_10f_11f_11f_rev GL_ARB_vertex_type_2_10_10_10_rev GL_ARB_viewport_array GL_ATI_blend_equation_separate GL_ATI_texture_float GL_EXT_EGL_image_storage GL_EXT_EGL_sync GL_EXT_abgr GL_EXT_blend_equation_separate GL_EXT_demote_to_helper_invocation GL_EXT_draw_buffers2 GL_EXT_draw_instanced GL_EXT_framebuffer_blit GL_EXT_framebuffer_multisample GL_EXT_framebuffer_multisample_blit_scaled GL_EXT_framebuffer_object GL_EXT_framebuffer_sRGB GL_EXT_packed_depth_stencil GL_EXT_packed_float GL_EXT_pixel_
buffer_object GL_EXT_polygon_offset_clamp GL_EXT_provoking_vertex GL_EXT_shader_framebuffer_fetch_non_coherent GL_EXT_shader_integer_mix GL_EXT_shader_samples_identical GL_EXT_texture_array GL_EXT_texture_compression_dxt1 GL_EXT_texture_compression_rgtc GL_EXT_texture_compression_s3tc GL_EXT_texture_filter_anisotropic GL_EXT_texture_integer GL_EXT_texture_sRGB GL_EXT_texture_sRGB_R8 GL_EXT_texture_sRGB_decode GL_EXT_texture_shadow_lod GL_EXT_texture_shared_exponent GL_EXT_texture_snorm GL_EXT_texture_swizzle GL_EXT_timer_query GL_EXT_transform_feedback GL_EXT_vertex_array_bgra GL_EXT_vertex_attrib_64bit GL_IBM_multimode_draw_arrays GL_INTEL_blackhole_render GL_INTEL_performance_query GL_KHR_blend_equation_advanced GL_KHR_context_flush_control GL_KHR_debug GL_KHR_no_error GL_KHR_parallel_shader_compile GL_KHR_robustness GL_MESA_pack_invert GL_MESA_shader_integer_functions GL_MESA_texture_signed_rgba GL_NV_compute_shader_derivatives GL_NV_conditional_render GL_NV_depth_clamp GL_NV_packed_depth_stencil GL_NV_te
xture_barrier GL_OES_EGL_image GL_S3_s3tc
OPENGL LOG: Creating OpenGL 4.2 graphics device ; Context level  <OpenGL 4.2> ; Context handle 880613424
Shader 'Universal Render Pipeline/Particles/Lit': fallback shader 'Universal Render Pipeline/Particles/SimpleLit' not found
Initialize mono
Mono path[0] = '/home/b1/Unity/Hub/Editor/2020.3.16f1/Editor/Data/Managed'
Mono path[1] = '/home/b1/Unity/Hub/Editor/2020.3.16f1/Editor/Data/MonoBleedingEdge/lib/mono/unityjit'
Mono config path = '/home/b1/Unity/Hub/Editor/2020.3.16f1/Editor/Data/MonoBleedingEdge/etc'
Using monoOptions --debugger-agent=transport=dt_socket,embedding=1,server=y,suspend=n,address=127.0.0.1:56813
Begin MonoManager ReloadAssembly
Registering precompiled unity dll's ...
Register platform support module: /home/b1/Unity/Hub/Editor/2020.3.16f1/Editor/Data/PlaybackEngines/WebGLSupport/UnityEditor.WebGL.Extensions.dll
Register platform support module: /home/b1/Unity/Hub/Editor/2020.3.16f1/Editor/Data/PlaybackEngines/MacStandaloneSupport/UnityEditor.OSXStandalone.Extensions.dll
Register platform support module: /home/b1/Unity/Hub/Editor/2020.3.16f1/Editor/Data/PlaybackEngines/WindowsStandaloneSupport/UnityEditor.WindowsStandalone.Extensions.dll
Register platform support module: /home/b1/Unity/Hub/Editor/2020.3.16f1/Editor/Data/PlaybackEngines/LinuxStandaloneSupport/UnityEditor.LinuxStandalone.Extensions.dll
Registered in 0,002905 seconds.
Native extension for LinuxStandalone target not found
Native extension for WindowsStandalone target not found
Native extension for OSXStandalone target not found
Native extension for WebGL target not found
Refreshing native plugins compatible for Editor in 114,60 ms, found 3 plugins.
Preloading 0 native plugins for Editor in 0,00 ms.
Mono: successfully reloaded assembly
- Completed reload, in  2,174 seconds
Domain Reload Profiling:
	ReloadAssembly (2174ms)
		BeginReloadAssembly (44ms)
			ExecutionOrderSort (0ms)
			DisableScriptedObjects (0ms)
			BackupInstance (0ms)
			ReleaseScriptingObjects (0ms)
			CreateAndSetChildDomain (1ms)
		EndReloadAssembly (867ms)
			LoadAssemblies (42ms)
			RebuildTransferFunctionScriptingTraits (0ms)
			SetupTypeCache (274ms)
			ReleaseScriptCaches (0ms)
			RebuildScriptCaches (66ms)
			SetupLoadedEditorAssemblies (413ms)
				LogAssemblyErrors (0ms)
				InitializePlatformSupportModulesInManaged (9ms)
				SetLoadedEditorAssemblies (0ms)
				RefreshPlugins (115ms)
				BeforeProcessingInitializeOnLoad (16ms)
				ProcessInitializeOnLoadAttributes (219ms)
				ProcessInitializeOnLoadMethodAttributes (53ms)
				AfterProcessingInitializeOnLoad (0ms)
				EditorAssembliesLoaded (0ms)
			ExecutionOrderSort2 (0ms)
			AwakeInstancesAfterBackupRestoration (0ms)
Platform modules already initialized, skipping
Registering precompiled user dll's ...
Registered in 0,009778 seconds.
Begin MonoManager ReloadAssembly
Native extension for LinuxStandalone target not found
Native extension for WindowsStandalone target not found
Native extension for OSXStandalone target not found
Native extension for WebGL target not found
Refreshing native plugins compatible for Editor in 106,89 ms, found 3 plugins.
Preloading 0 native plugins for Editor in 0,00 ms.
Mono: successfully reloaded assembly
- Completed reload, in  3,295 seconds
Domain Reload Profiling:
	ReloadAssembly (3296ms)
		BeginReloadAssembly (247ms)
			ExecutionOrderSort (0ms)
			DisableScriptedObjects (8ms)
			BackupInstance (0ms)
			ReleaseScriptingObjects (0ms)
			CreateAndSetChildDomain (34ms)
		EndReloadAssembly (2955ms)
			LoadAssemblies (127ms)
			RebuildTransferFunctionScriptingTraits (0ms)
			SetupTypeCache (532ms)
			ReleaseScriptCaches (1ms)
			RebuildScriptCaches (113ms)
			SetupLoadedEditorAssemblies (1983ms)
				LogAssemblyErrors (0ms)
				InitializePlatformSupportModulesInManaged (18ms)
				SetLoadedEditorAssemblies (0ms)
				RefreshPlugins (107ms)
				BeforeProcessingInitializeOnLoad (152ms)
				ProcessInitializeOnLoadAttributes (1594ms)
				ProcessInitializeOnLoadMethodAttributes (105ms)
				AfterProcessingInitializeOnLoad (6ms)
				EditorAssembliesLoaded (0ms)
			ExecutionOrderSort2 (0ms)
			AwakeInstancesAfterBackupRestoration (10ms)
Platform modules already initialized, skipping
========================================================================
Worker process is ready to serve import requests
Shader 'Universal Render Pipeline/Particles/Lit': fallback shader 'Universal Render Pipeline/Particles/SimpleLit' not found
Launched and connected shader compiler UnityShaderCompiler after 0.02 seconds
Refreshing native plugins compatible for Editor in 1,06 ms, found 3 plugins.
Preloading 0 native plugins for Editor in 0,00 ms.
Unloading 3279 Unused Serialized files (Serialized files now loaded: 0)
System memory in use before: 139,3 MB.
System memory in use after: 139,3 MB.

Unloading 40 unused Assets to reduce memory usage. Loaded Objects now: 3697.
Total: 11,047085 ms (FindLiveObjects: 0,864005 ms CreateObjectMapping: 0,661000 ms MarkObjects: 8,468139 ms  DeleteObjects: 1,050373 ms)

AssetImportParameters requested are different than current active one (requested -> active):
  custom:video-decoder-ogg-theora: a1e56fd34408186e4bbccfd4996cb3dc -> 
  custom:container-muxer-webm: aa71ff27fc2769a1b78a27578f13a17b -> 
  custom:container-demuxer-webm: 4f35f7cbe854078d1ac9338744f61a02 -> 
  custom:container-demuxer-ogg: 62fdf1f143b41e24485cea50d1cbac27 -> 
  custom:video-encoder-webm-vp8: eb34c28f22e8b96e1ab97ce403110664 -> 
  custom:video-decoder-webm-vp8: 9c59270c3fd7afecdb556c50c9e8de78 -> 
  custom:audio-decoder-ogg-vorbis: bf7c407c2cedff20999df2af8eb42d56 -> 
  custom:audio-encoder-webm-vorbis: bf7c407c2cedff20999df2af8eb42d56 -> 
========================================================================
Received Import Request.
  path: Assets/Scenes/SampleScene.unity
  artifactKey: Guid(d1c3109bdb54ad54c8a2b2838528e640) Importer(815301076,1909f56bfc062723c751e8b465ee728b)
Start importing Assets/Scenes/SampleScene.unity using Guid(d1c3109bdb54ad54c8a2b2838528e640) Importer(815301076,1909f56bfc062723c751e8b465ee728b)  -> (artifact id: '5037c63ca3b34bd975eec1884f7c65ba') in 0,022372 seconds 
  Import took 0,037437 seconds .

========================================================================
Received Import Request.
  Time since last request: 0,000547 seconds.
  path: Assets/Scenes/TutorialScene.unity
  artifactKey: Guid(e34d98ac7f7673b8fb08b4beb2846ff5) Importer(815301076,1909f56bfc062723c751e8b465ee728b)
Start importing Assets/Scenes/TutorialScene.unity using Guid(e34d98ac7f7673b8fb08b4beb2846ff5) Importer(815301076,1909f56bfc062723c751e8b465ee728b)  -> (artifact id: 'd3c045f40b621df769e12835a012ef1b') in 0,001974 seconds 
  Import took 0,012585 seconds .

========================================================================
Received Import Request.
  Time since last request: 7,731401 seconds.
  path: Assets/Scenes
  artifactKey: Guid(09dd108732b8372e8a80f43e6b3fa9bf) Importer(815301076,1909f56bfc062723c751e8b465ee728b)
Start importing Assets/Scenes using Guid(09dd108732b8372e8a80f43e6b3fa9bf) Importer(815301076,1909f56bfc062723c751e8b465ee728b)  -> (artifact id: 'f8eb326ef7c5ae766150d20a4eb682e8') in 0,000943 seconds 
  Import took 0,010466 seconds .

========================================================================
Received Import Request.
  Time since last request: 70,785669 seconds.
  path: Assets/Scenes/HPE_Scene.unity
  artifactKey: Guid(e34d98ac7f7673b8fb08b4beb2846ff5) Importer(815301076,1909f56bfc062723c751e8b465ee728b)
Start importing Assets/Scenes/HPE_Scene.unity using Guid(e34d98ac7f7673b8fb08b4beb2846ff5) Importer(815301076,1909f56bfc062723c751e8b465ee728b)  -> (artifact id: 'f1b1506a111aea4294c23f44132c7be4') in 0,002610 seconds 
  Import took 0,017528 seconds .

========================================================================
Received Import Request.
  Time since last request: 133,630748 seconds.
  path: Assets/Samples/Perception/0.9.0-preview.2/Human Pose Labeling and Randomization
  artifactKey: Guid(5417979bb1d20b3e097edf7d3b99cd00) Importer(815301076,1909f56bfc062723c751e8b465ee728b)
Start importing Assets/Samples/Perception/0.9.0-preview.2/Human Pose Labeling and Randomization using Guid(5417979bb1d20b3e097edf7d3b99cd00) Importer(815301076,1909f56bfc062723c751e8b465ee728b)  -> (artifact id: '0fba75763467021695d04bfea9e20ee4') in 0,001032 seconds 
  Import took 0,009734 seconds .

========================================================================
Received Import Request.
  Time since last request: 116,778771 seconds.
  path: Assets/Samples/Perception/0.9.0-preview.2/Human Pose Labeling and Randomization/Models and Animations/Idle.fbx
  artifactKey: Guid(ed4145beaed264358a60cdefbdfccde7) Importer(815301076,1909f56bfc062723c751e8b465ee728b)
Start importing Assets/Samples/Perception/0.9.0-preview.2/Human Pose Labeling and Randomization/Models and Animations/Idle.fbx using Guid(ed4145beaed264358a60cdefbdfccde7) Importer(815301076,1909f56bfc062723c751e8b465ee728b)  -> (artifact id: '95ec0bf16f4d70476947a4336cd7b83b') in 1,181161 seconds 
  Import took 1,193683 seconds .

========================================================================
Received Import Request.
  Time since last request: 0,000412 seconds.
  path: Assets/Samples/Perception/0.9.0-preview.2/Human Pose Labeling and Randomization/Models and Animations/Run.fbx
  artifactKey: Guid(65e43c613d6b3433c8c43438401da166) Importer(815301076,1909f56bfc062723c751e8b465ee728b)
Start importing Assets/Samples/Perception/0.9.0-preview.2/Human Pose Labeling and Randomization/Models and Animations/Run.fbx using Guid(65e43c613d6b3433c8c43438401da166) Importer(815301076,1909f56bfc062723c751e8b465ee728b)  -> (artifact id: 'a747dfedbd73d6af1281e2ce7861a6ba') in 0,010991 seconds 
  Import took 0,021767 seconds .

========================================================================
Received Import Request.
  Time since last request: 0,000259 seconds.
  path: Assets/Samples/Perception/0.9.0-preview.2/Human Pose Labeling and Randomization/Models and Animations/Player.fbx
  artifactKey: Guid(1f279db2ebaa049d4aff8b82b6c0a1e7) Importer(815301076,1909f56bfc062723c751e8b465ee728b)
Start importing Assets/Samples/Perception/0.9.0-preview.2/Human Pose Labeling and Randomization/Models and Animations/Player.fbx using Guid(1f279db2ebaa049d4aff8b82b6c0a1e7) Importer(815301076,1909f56bfc062723c751e8b465ee728b)  -> (artifact id: 'f5a548d4cdcac5517a1c9b598bd7505c') in 0,049612 seconds 
  Import took 0,060060 seconds .

========================================================================
Received Import Request.
  Time since last request: 0,000268 seconds.
  path: Assets/Samples/Perception/0.9.0-preview.2/Human Pose Labeling and Randomization/Models and Animations/TakeObjectAttempt.fbx
  artifactKey: Guid(5d34bf7cb688a4314bcbafea9c3ac84c) Importer(815301076,1909f56bfc062723c751e8b465ee728b)
Start importing Assets/Samples/Perception/0.9.0-preview.2/Human Pose Labeling and Randomization/Models and Animations/TakeObjectAttempt.fbx using Guid(5d34bf7cb688a4314bcbafea9c3ac84c) Importer(815301076,1909f56bfc062723c751e8b465ee728b)  -> (artifact id: 'f2491ea35c1fff4fb5874400f691b2cb') in 0,047250 seconds 
  Import took 0,057905 seconds .

========================================================================
Received Import Request.
  Time since last request: 0,000536 seconds.
  path: Assets/Samples/Perception/0.9.0-preview.2/Human Pose Labeling and Randomization/Models and Animations/PutGlassesOn.fbx
  artifactKey: Guid(80c00a6dc0e2c47259c531f231b6d561) Importer(815301076,1909f56bfc062723c751e8b465ee728b)
Start importing Assets/Samples/Perception/0.9.0-preview.2/Human Pose Labeling and Randomization/Models and Animations/PutGlassesOn.fbx using Guid(80c00a6dc0e2c47259c531f231b6d561) Importer(815301076,1909f56bfc062723c751e8b465ee728b)  -> (artifact id: 'c29626151892358578d7b583fe66f8b2') in 0,046406 seconds 
  Import took 0,056207 seconds .

========================================================================
Received Import Request.
  Time since last request: 0,000267 seconds.
  path: Assets/Samples/Perception/0.9.0-preview.2/Human Pose Labeling and Randomization/Models and Animations/Walk.fbx
  artifactKey: Guid(adb297284496042b5aaf5573ea65a41d) Importer(815301076,1909f56bfc062723c751e8b465ee728b)
Start importing Assets/Samples/Perception/0.9.0-preview.2/Human Pose Labeling and Randomization/Models and Animations/Walk.fbx using Guid(adb297284496042b5aaf5573ea65a41d) Importer(815301076,1909f56bfc062723c751e8b465ee728b)  -> (artifact id: 'c4b8c7bffb7b5e80fa963c5a9b4ccbf8') in 0,011863 seconds 
  Import took 0,020089 seconds .

========================================================================
Received Import Request.
  Time since last request: 0,000288 seconds.
  path: Assets/Samples/Perception/0.9.0-preview.2/Human Pose Labeling and Randomization/Models and Animations/TakeObjects.fbx
  artifactKey: Guid(2f16d9c0940f3498a9961212d3eb8467) Importer(815301076,1909f56bfc062723c751e8b465ee728b)
Start importing Assets/Samples/Perception/0.9.0-preview.2/Human Pose Labeling and Randomization/Models and Animations/TakeObjects.fbx using Guid(2f16d9c0940f3498a9961212d3eb8467) Importer(815301076,1909f56bfc062723c751e8b465ee728b)  -> (artifact id: '162a3e6e8bf5b67bb8e331c4d3ebc0a4') in 0,044871 seconds 
  Import took 0,054420 seconds .

AssetImportWorkerClient::OnTransportError - code=2 error=End of file
